<?xml version="1.0" encoding="UTF-8"?>
<testsuite xmlns:xsi="http://www.w3.org/2001/XMLSchema-instance" xsi:noNamespaceSchemaLocation="https://maven.apache.org/surefire/maven-surefire-plugin/xsd/surefire-test-report-3.0.xsd" version="3.0" name="com.cantero.quickbooks.ws.AppTest" time="0.032" tests="1" errors="0" skipped="0" failures="0">
  <properties>
    <property name="java.specification.version" value="23"/>
    <property name="sun.jnu.encoding" value="UTF-8"/>
    <property name="java.class.path" value="/Users/panya/SF Project/dhas.integration/DHAS/quickbook_connect/target/test-classes:/Users/panya/SF Project/dhas.integration/DHAS/quickbook_connect/target/classes:/Users/panya/.m2/repository/junit/junit/3.8.1/junit-3.8.1.jar:/Users/panya/.m2/repository/org/apache/commons/commons-lang3/3.14.0/commons-lang3-3.14.0.jar:/Users/panya/.m2/repository/one/gfw/javax.activation-api/1.2.0/javax.activation-api-1.2.0.jar:/Users/panya/.m2/repository/one/gfw/javax.annotation-api/1.3.2/javax.annotation-api-1.3.2.jar:/Users/panya/.m2/repository/javax/xml/soap/javax.xml.soap-api/1.4.0/javax.xml.soap-api-1.4.0.jar:/Users/panya/.m2/repository/one/gfw/jaxb-api/2.3.1.1/jaxb-api-2.3.1.1.jar:/Users/panya/.m2/repository/javax/xml/ws/jaxws-api/2.3.1/jaxws-api-2.3.1.jar:/Users/panya/.m2/repository/javax/xml/bind/jaxb-api/2.3.1/jaxb-api-2.3.1.jar:/Users/panya/.m2/repository/javax/activation/javax.activation-api/1.2.0/javax.activation-api-1.2.0.jar:/Users/panya/.m2/repository/javax/annotation/javax.annotation-api/1.3.2/javax.annotation-api-1.3.2.jar:/Users/panya/.m2/repository/com/opencsv/opencsv/5.9/opencsv-5.9.jar:/Users/panya/.m2/repository/org/apache/commons/commons-text/1.11.0/commons-text-1.11.0.jar:/Users/panya/.m2/repository/commons-beanutils/commons-beanutils/1.9.4/commons-beanutils-1.9.4.jar:/Users/panya/.m2/repository/commons-logging/commons-logging/1.2/commons-logging-1.2.jar:/Users/panya/.m2/repository/commons-collections/commons-collections/3.2.2/commons-collections-3.2.2.jar:/Users/panya/.m2/repository/org/apache/commons/commons-collections4/4.4/commons-collections4-4.4.jar:/Users/panya/.m2/repository/javax/jws/javax.jws-api/1.1/javax.jws-api-1.1.jar:/Users/panya/.m2/repository/org/apache/maven/plugins/maven-jar-plugin/3.4.1/maven-jar-plugin-3.4.1.jar:/Users/panya/.m2/repository/org/apache/maven/shared/file-management/3.1.0/file-management-3.1.0.jar:/Users/panya/.m2/repository/commons-io/commons-io/2.11.0/commons-io-2.11.0.jar:/Users/panya/.m2/repository/org/apache/maven/maven-archiver/3.6.2/maven-archiver-3.6.2.jar:/Users/panya/.m2/repository/org/codehaus/plexus/plexus-interpolation/1.27/plexus-interpolation-1.27.jar:/Users/panya/.m2/repository/org/codehaus/plexus/plexus-utils/4.0.1/plexus-utils-4.0.1.jar:/Users/panya/.m2/repository/org/codehaus/plexus/plexus-archiver/4.9.2/plexus-archiver-4.9.2.jar:/Users/panya/.m2/repository/org/codehaus/plexus/plexus-io/3.4.2/plexus-io-3.4.2.jar:/Users/panya/.m2/repository/org/apache/commons/commons-compress/1.26.1/commons-compress-1.26.1.jar:/Users/panya/.m2/repository/commons-codec/commons-codec/1.16.1/commons-codec-1.16.1.jar:/Users/panya/.m2/repository/org/iq80/snappy/snappy/0.4/snappy-0.4.jar:/Users/panya/.m2/repository/org/tukaani/xz/1.9/xz-1.9.jar:/Users/panya/.m2/repository/com/github/luben/zstd-jni/1.5.5-11/zstd-jni-1.5.5-11.jar:/Users/panya/.m2/repository/javax/inject/javax.inject/1/javax.inject-1.jar:/Users/panya/.m2/repository/org/slf4j/slf4j-api/1.7.36/slf4j-api-1.7.36.jar:"/>
    <property name="java.vm.vendor" value="Homebrew"/>
    <property name="sun.arch.data.model" value="64"/>
    <property name="java.vendor.url" value="https://github.com/Homebrew/homebrew-core/issues"/>
    <property name="os.name" value="Mac OS X"/>
    <property name="java.vm.specification.version" value="23"/>
    <property name="sun.java.launcher" value="SUN_STANDARD"/>
    <property name="user.country" value="TH"/>
    <property name="sun.boot.library.path" value="/opt/homebrew/Cellar/openjdk/23.0.1/libexec/openjdk.jdk/Contents/Home/lib"/>
    <property name="sun.java.command" value="/Users/panya/SF Project/dhas.integration/DHAS/quickbook_connect/target/surefire/surefirebooter-20250122163434286_3.jar /Users/panya/SF Project/dhas.integration/DHAS/quickbook_connect/target/surefire 2025-01-22T16-34-34_095-jvmRun1 surefire-20250122163434286_1tmp surefire_0-20250122163434286_2tmp"/>
    <property name="http.nonProxyHosts" value="local|*.local|169.254/16|*.169.254/16"/>
    <property name="jdk.debug" value="release"/>
    <property name="surefire.test.class.path" value="/Users/panya/SF Project/dhas.integration/DHAS/quickbook_connect/target/test-classes:/Users/panya/SF Project/dhas.integration/DHAS/quickbook_connect/target/classes:/Users/panya/.m2/repository/junit/junit/3.8.1/junit-3.8.1.jar:/Users/panya/.m2/repository/org/apache/commons/commons-lang3/3.14.0/commons-lang3-3.14.0.jar:/Users/panya/.m2/repository/one/gfw/javax.activation-api/1.2.0/javax.activation-api-1.2.0.jar:/Users/panya/.m2/repository/one/gfw/javax.annotation-api/1.3.2/javax.annotation-api-1.3.2.jar:/Users/panya/.m2/repository/javax/xml/soap/javax.xml.soap-api/1.4.0/javax.xml.soap-api-1.4.0.jar:/Users/panya/.m2/repository/one/gfw/jaxb-api/2.3.1.1/jaxb-api-2.3.1.1.jar:/Users/panya/.m2/repository/javax/xml/ws/jaxws-api/2.3.1/jaxws-api-2.3.1.jar:/Users/panya/.m2/repository/javax/xml/bind/jaxb-api/2.3.1/jaxb-api-2.3.1.jar:/Users/panya/.m2/repository/javax/activation/javax.activation-api/1.2.0/javax.activation-api-1.2.0.jar:/Users/panya/.m2/repository/javax/annotation/javax.annotation-api/1.3.2/javax.annotation-api-1.3.2.jar:/Users/panya/.m2/repository/com/opencsv/opencsv/5.9/opencsv-5.9.jar:/Users/panya/.m2/repository/org/apache/commons/commons-text/1.11.0/commons-text-1.11.0.jar:/Users/panya/.m2/repository/commons-beanutils/commons-beanutils/1.9.4/commons-beanutils-1.9.4.jar:/Users/panya/.m2/repository/commons-logging/commons-logging/1.2/commons-logging-1.2.jar:/Users/panya/.m2/repository/commons-collections/commons-collections/3.2.2/commons-collections-3.2.2.jar:/Users/panya/.m2/repository/org/apache/commons/commons-collections4/4.4/commons-collections4-4.4.jar:/Users/panya/.m2/repository/javax/jws/javax.jws-api/1.1/javax.jws-api-1.1.jar:/Users/panya/.m2/repository/org/apache/maven/plugins/maven-jar-plugin/3.4.1/maven-jar-plugin-3.4.1.jar:/Users/panya/.m2/repository/org/apache/maven/shared/file-management/3.1.0/file-management-3.1.0.jar:/Users/panya/.m2/repository/commons-io/commons-io/2.11.0/commons-io-2.11.0.jar:/Users/panya/.m2/repository/org/apache/maven/maven-archiver/3.6.2/maven-archiver-3.6.2.jar:/Users/panya/.m2/repository/org/codehaus/plexus/plexus-interpolation/1.27/plexus-interpolation-1.27.jar:/Users/panya/.m2/repository/org/codehaus/plexus/plexus-utils/4.0.1/plexus-utils-4.0.1.jar:/Users/panya/.m2/repository/org/codehaus/plexus/plexus-archiver/4.9.2/plexus-archiver-4.9.2.jar:/Users/panya/.m2/repository/org/codehaus/plexus/plexus-io/3.4.2/plexus-io-3.4.2.jar:/Users/panya/.m2/repository/org/apache/commons/commons-compress/1.26.1/commons-compress-1.26.1.jar:/Users/panya/.m2/repository/commons-codec/commons-codec/1.16.1/commons-codec-1.16.1.jar:/Users/panya/.m2/repository/org/iq80/snappy/snappy/0.4/snappy-0.4.jar:/Users/panya/.m2/repository/org/tukaani/xz/1.9/xz-1.9.jar:/Users/panya/.m2/repository/com/github/luben/zstd-jni/1.5.5-11/zstd-jni-1.5.5-11.jar:/Users/panya/.m2/repository/javax/inject/javax.inject/1/javax.inject-1.jar:/Users/panya/.m2/repository/org/slf4j/slf4j-api/1.7.36/slf4j-api-1.7.36.jar:"/>
    <property name="sun.cpu.endian" value="little"/>
    <property name="user.home" value="/Users/panya"/>
    <property name="user.language" value="en"/>
    <property name="java.specification.vendor" value="Oracle Corporation"/>
    <property name="java.version.date" value="2024-10-15"/>
    <property name="java.home" value="/opt/homebrew/Cellar/openjdk/23.0.1/libexec/openjdk.jdk/Contents/Home"/>
    <property name="file.separator" value="/"/>
    <property name="basedir" value="/Users/panya/SF Project/dhas.integration/DHAS/quickbook_connect"/>
    <property name="java.vm.compressedOopsMode" value="Zero based"/>
    <property name="line.separator" value="&#10;"/>
    <property name="java.vm.specification.vendor" value="Oracle Corporation"/>
    <property name="java.specification.name" value="Java Platform API Specification"/>
    <property name="apple.awt.application.name" value="ForkedBooter"/>
    <property name="surefire.real.class.path" value="/Users/panya/SF Project/dhas.integration/DHAS/quickbook_connect/target/surefire/surefirebooter-20250122163434286_3.jar"/>
    <property name="sun.management.compiler" value="HotSpot 64-Bit Tiered Compilers"/>
    <property name="ftp.nonProxyHosts" value="local|*.local|169.254/16|*.169.254/16"/>
    <property name="java.runtime.version" value="23.0.1"/>
    <property name="user.name" value="panya"/>
    <property name="stdout.encoding" value="UTF-8"/>
    <property name="path.separator" value=":"/>
    <property name="os.version" value="14.4.1"/>
    <property name="java.runtime.name" value="OpenJDK Runtime Environment"/>
    <property name="file.encoding" value="UTF-8"/>
    <property name="java.vm.name" value="OpenJDK 64-Bit Server VM"/>
    <property name="java.vendor.version" value="Homebrew"/>
    <property name="localRepository" value="/Users/panya/.m2/repository"/>
    <property name="java.vendor.url.bug" value="https://github.com/Homebrew/homebrew-core/issues"/>
    <property name="java.io.tmpdir" value="/var/folders/ts/q_dyqp8x54jgd3vbjrxw0cz00000gn/T/"/>
    <property name="java.version" value="23.0.1"/>
    <property name="user.dir" value="/Users/panya/SF Project/dhas.integration/DHAS/quickbook_connect"/>
    <property name="os.arch" value="aarch64"/>
    <property name="java.vm.specification.name" value="Java Virtual Machine Specification"/>
    <property name="native.encoding" value="UTF-8"/>
    <property name="java.library.path" value="/Users/panya/Library/Java/Extensions:/Library/Java/Extensions:/Network/Library/Java/Extensions:/System/Library/Java/Extensions:/usr/lib/java:."/>
    <property name="java.vm.info" value="mixed mode, sharing"/>
    <property name="stderr.encoding" value="UTF-8"/>
    <property name="java.vendor" value="Homebrew"/>
    <property name="java.vm.version" value="23.0.1"/>
    <property name="sun.io.unicode.encoding" value="UnicodeBig"/>
    <property name="socksNonProxyHosts" value="local|*.local|169.254/16|*.169.254/16"/>
    <property name="java.class.version" value="67.0"/>
  </properties>
  <testcase name="testApp" classname="com.cantero.quickbooks.ws.AppTest" time="0.005"/>
</testsuite>